s:\easyrpc\easerpc\easerpc\debug\vc120.pdb
s:\easyrpc\easerpc\easerpc\debug\vc120.idb
s:\easyrpc\easerpc\easerpc\debug\cjson.obj
s:\easyrpc\easerpc\easerpc\debug\cjson_test.obj
s:\easyrpc\easerpc\easerpc\debug\cjson_utils.obj
s:\easyrpc\easerpc\easerpc\debug\event.obj
s:\easyrpc\easerpc\easerpc\debug\lock.obj
s:\easyrpc\easerpc\easerpc\debug\seq.obj
s:\easyrpc\easerpc\easerpc\debug\shared_block.obj
s:\easyrpc\easerpc\easerpc\debug\timer.obj
s:\easyrpc\easerpc\easerpc\debug\threadpool.obj
s:\easyrpc\easerpc\easerpc\debug\threadpooltimer.obj
s:\easyrpc\easerpc\easerpc\debug\threadpoolwait.obj
s:\easyrpc\easerpc\easerpc\debug\threadpoolwork.obj
s:\easyrpc\easerpc\easerpc\debug\easerpc.obj
s:\easyrpc\easerpc\debug\easerpc.lib
s:\easyrpc\easerpc\debug\easerpc.exp
s:\easyrpc\easerpc\debug\easerpc.ilk
s:\easyrpc\easerpc\debug\easerpc.dll
s:\easyrpc\easerpc\debug\easerpc.pdb
s:\easyrpc\easerpc\easerpc\debug\easerpc.tlog\cl.command.1.tlog
s:\easyrpc\easerpc\easerpc\debug\easerpc.tlog\cl.read.1.tlog
s:\easyrpc\easerpc\easerpc\debug\easerpc.tlog\cl.write.1.tlog
s:\easyrpc\easerpc\easerpc\debug\easerpc.tlog\easerpc.write.1u.tlog
s:\easyrpc\easerpc\easerpc\debug\easerpc.tlog\link.command.1.tlog
s:\easyrpc\easerpc\easerpc\debug\easerpc.tlog\link.read.1.tlog
s:\easyrpc\easerpc\easerpc\debug\easerpc.tlog\link.write.1.tlog
