s:\rpc\easerpc\callee\debug\vc120.pdb
s:\rpc\easerpc\callee\debug\vc120.idb
s:\rpc\easerpc\callee\debug\cjson.obj
s:\rpc\easerpc\callee\debug\cjson_utils.obj
s:\rpc\easerpc\callee\debug\main.obj
s:\rpc\easerpc\debug\callee.ilk
s:\rpc\easerpc\debug\callee.exe
s:\rpc\easerpc\debug\callee.pdb
s:\easerpc\easerpc\callee\debug\cjson.obj
s:\easerpc\easerpc\callee\debug\cjson_utils.obj
s:\easerpc\easerpc\callee\debug\main.obj
s:\easerpc\easerpc\callee\debug\vc120.idb
s:\easerpc\easerpc\callee\debug\vc120.pdb
s:\easerpc\easerpc\debug\callee.pdb
s:\easerpc\easerpc\debug\callee.exe
s:\easerpc\easerpc\debug\callee.ilk
s:\easerpc\easerpc\callee\debug\callee.tlog\cl.command.1.tlog
s:\easerpc\easerpc\callee\debug\callee.tlog\cl.read.1.tlog
s:\easerpc\easerpc\callee\debug\callee.tlog\cl.write.1.tlog
s:\easerpc\easerpc\callee\debug\callee.tlog\link.command.1.tlog
s:\easerpc\easerpc\callee\debug\callee.tlog\link.read.1.tlog
s:\easerpc\easerpc\callee\debug\callee.tlog\link.write.1.tlog
