s:\easerpc\easerpc\easerpc\release\vc120.pdb
s:\easerpc\easerpc\easerpc\release\shared_block.obj
s:\easerpc\easerpc\easerpc\release\seq.obj
s:\easerpc\easerpc\easerpc\release\lock.obj
s:\easerpc\easerpc\easerpc\release\event.obj
s:\easerpc\easerpc\easerpc\release\cjson_utils.obj
s:\easerpc\easerpc\easerpc\release\cjson_test.obj
s:\easerpc\easerpc\easerpc\release\cjson.obj
s:\easerpc\easerpc\easerpc\release\easerpc.obj
s:\easerpc\easerpc\easerpc\release\timer.obj
s:\easerpc\easerpc\release\easerpc.lib
s:\easerpc\easerpc\release\easerpc.exp
s:\easerpc\easerpc\release\easerpc.dll
s:\easerpc\easerpc\release\easerpc.pdb
s:\easerpc\easerpc\easerpc\release\easerpc.tlog\cl.command.1.tlog
s:\easerpc\easerpc\easerpc\release\easerpc.tlog\cl.read.1.tlog
s:\easerpc\easerpc\easerpc\release\easerpc.tlog\cl.write.1.tlog
s:\easerpc\easerpc\easerpc\release\easerpc.tlog\easerpc.write.1u.tlog
s:\easerpc\easerpc\easerpc\release\easerpc.tlog\link.command.1.tlog
s:\easerpc\easerpc\easerpc\release\easerpc.tlog\link.read.1.tlog
s:\easerpc\easerpc\easerpc\release\easerpc.tlog\link.write.1.tlog
